module_third/build/outputs/logs/manifest-merger-debug-report.txt
-- Merging decision tree log ---
manifest
ADDED from src/main/AndroidManifest.xml:2:1-55:12
INJECTED from src/main/AndroidManifest.xml:2:1-55:12
INJECTED from src/main/AndroidManifest.xml:2:1-55:12
INJECTED from src/main/AndroidManifest.xml:2:1-55:12
INJECTED from src/main/AndroidManifest.xml:2:1-55:12
INJECTED from src/main/AndroidManifest.xml:2:1-55:12
INJECTED from src/main/AndroidManifest.xml:2:1-55:12
	package
		ADDED from src/main/AndroidManifest.xml:3:5-32
		INJECTED from src/main/AndroidManifest.xml
		INJECTED from src/main/AndroidManifest.xml
	android:versionName
		INJECTED from src/main/AndroidManifest.xml
		ADDED from src/main/AndroidManifest.xml:2:1-55:12
		INJECTED from src/main/AndroidManifest.xml
	android:versionCode
		INJECTED from src/main/AndroidManifest.xml
		ADDED from src/main/AndroidManifest.xml:2:1-55:12
		INJECTED from src/main/AndroidManifest.xml
	xmlns:android
		ADDED from src/main/AndroidManifest.xml:2:11-69
uses-permission#android.permission.CALL_PHONE
ADDED from src/main/AndroidManifest.xml:5:5-69
	android:name
		ADDED from src/main/AndroidManifest.xml:5:22-66
application
ADDED from src/main/AndroidManifest.xml:7:5-53:19
	android:supportsRtl
		ADDED from src/main/AndroidManifest.xml:9:9-35
	android:allowBackup
		ADDED from src/main/AndroidManifest.xml:8:9-35
	android:theme
		ADDED from src/main/AndroidManifest.xml:10:9-40
meta-data#UMENG_APPKEY
ADDED from src/main/AndroidManifest.xml:12:9-14:56
	android:value
		ADDED from src/main/AndroidManifest.xml:14:13-53
	android:name
		ADDED from src/main/AndroidManifest.xml:13:13-40
activity#com.umeng.socialize.media.WBShareCallBackActivity
ADDED from src/main/AndroidManifest.xml:16:9-20:74
	android:exported
		ADDED from src/main/AndroidManifest.xml:19:13-37
	android:configChanges
		ADDED from src/main/AndroidManifest.xml:18:13-63
	android:theme
		ADDED from src/main/AndroidManifest.xml:20:13-72
	android:name
		ADDED from src/main/AndroidManifest.xml:17:13-77
activity#com.sina.weibo.sdk.web.WeiboSdkWebActivity
ADDED from src/main/AndroidManifest.xml:21:9-25:57
	android:windowSoftInputMode
		ADDED from src/main/AndroidManifest.xml:25:13-55
	android:exported
		ADDED from src/main/AndroidManifest.xml:24:13-37
	android:configChanges
		ADDED from src/main/AndroidManifest.xml:23:13-63
	android:name
		ADDED from src/main/AndroidManifest.xml:22:13-70
activity#com.sina.weibo.sdk.share.WbShareTransActivity
ADDED from src/main/AndroidManifest.xml:26:9-35:20
	android:launchMode
		ADDED from src/main/AndroidManifest.xml:28:13-44
	android:theme
		ADDED from src/main/AndroidManifest.xml:29:13-83
	android:name
		ADDED from src/main/AndroidManifest.xml:27:13-73
intent-filter#action:name:com.sina.weibo.sdk.action.ACTION_SDK_REQ_ACTIVITY+category:name:android.intent.category.DEFAULT
ADDED from src/main/AndroidManifest.xml:30:13-34:29
action#com.sina.weibo.sdk.action.ACTION_SDK_REQ_ACTIVITY
ADDED from src/main/AndroidManifest.xml:31:17-92
	android:name
		ADDED from src/main/AndroidManifest.xml:31:25-89
category#android.intent.category.DEFAULT
ADDED from src/main/AndroidManifest.xml:33:17-76
	android:name
		ADDED from src/main/AndroidManifest.xml:33:27-73
activity#com.tencent.tauth.AuthActivity
ADDED from src/main/AndroidManifest.xml:36:9-48:20
	android:launchMode
		ADDED from src/main/AndroidManifest.xml:38:13-44
	android:noHistory
		ADDED from src/main/AndroidManifest.xml:39:13-37
	android:name
		ADDED from src/main/AndroidManifest.xml:37:13-58
intent-filter#action:name:android.intent.action.VIEW+category:name:android.intent.category.BROWSABLE+category:name:android.intent.category.DEFAULT+data:scheme:tencent1106700131
ADDED from src/main/AndroidManifest.xml:40:13-47:29
action#android.intent.action.VIEW
ADDED from src/main/AndroidManifest.xml:41:17-69
	android:name
		ADDED from src/main/AndroidManifest.xml:41:25-66
category#android.intent.category.BROWSABLE
ADDED from src/main/AndroidManifest.xml:44:17-78
	android:name
		ADDED from src/main/AndroidManifest.xml:44:27-75
data
ADDED from src/main/AndroidManifest.xml:46:17-60
	android:scheme
		ADDED from src/main/AndroidManifest.xml:46:23-57
activity#com.tencent.connect.common.AssistActivity
ADDED from src/main/AndroidManifest.xml:49:9-52:75
	android:configChanges
		ADDED from src/main/AndroidManifest.xml:51:13-74
	android:theme
		ADDED from src/main/AndroidManifest.xml:52:13-72
	android:name
		ADDED from src/main/AndroidManifest.xml:50:13-69
uses-sdk
INJECTED from src/main/AndroidManifest.xml reason: use-sdk injection requested
INJECTED from src/main/AndroidManifest.xml
INJECTED from src/main/AndroidManifest.xml
INJECTED from src/main/AndroidManifest.xml
INJECTED from src/main/AndroidManifest.xml
	android:targetSdkVersion
		INJECTED from src/main/AndroidManifest.xml
		ADDED from src/main/AndroidManifest.xml
		INJECTED from src/main/AndroidManifest.xml
	android:minSdkVersion
		INJECTED from src/main/AndroidManifest.xml
		ADDED from src/main/AndroidManifest.xml
		INJECTED from src/main/AndroidManifest.xml